Add-in Express Registrator Log File: 10/04/2018 16:32:55

Installation directory: C:\Users\nirija.somanathan\AppData\Roaming\Accenture\Accenture External E-mail Validation Add-in\
Registrator version: 8.4.4395.0
Operating System: Microsoft Windows 10 Enterprise Edition (build 16299), 64-bit
Process Owner: User
Command Line: "C:\Users\nirija.somanathan\AppData\Roaming\Accenture\Accenture External E-mail Validation Add-in\adxregistrator.exe" /install="AccentureExternalEmailValidationAddin.dll" /privileges=user
Run 'As Administrator': No
Process Elevated: No
Integrity Level: Medium
UAC (User Account Control): On
--------------------------------------------------------------
16:32:55 0652 Starting the add-in registration process.
16:32:55 0652 Loading mscoree.dll
16:32:55 0652 Success.
16:32:55 0652 .NET Framework installation directory: 
16:32:56 0652 The latest version of .NET Framework: 'v4.0.30319'
16:32:56 0652 Loading CLR: v4.0.30319.
16:32:56 0652 Calling CLRCreateInstance method.
16:32:56 0652 Success.
16:32:56 0652 Calling GetRuntime method.
16:32:56 0652 Success.
16:32:56 0652 Checking if the hosting API of .NET Framework v4.0 beta is installed.
16:32:56 0652 The hosting API is up to date.
16:32:56 0652 Calling GetInterface method for the CorRuntimeHost interface.
16:32:56 0652 Success.
16:32:56 0652 Starting CLR...
16:32:56 0652 Success.
16:32:56 0652 Getting the CLR version.
16:32:56 0652 The CLR v4.0.30319 has been initialized successfully.
16:32:56 0652 Creating a new domain setup.
16:32:57 0652 Success.
16:32:57 0652 Getting the add-in directory.
16:32:57 0652 Success. The directory is 'C:\Users\nirija.somanathan\AppData\Roaming\Accenture\Accenture External E-mail Validation Add-in\'
16:32:57 0652 The 'shadow copy' is disabled.
16:32:57 0652 Creating a new application domain.
16:32:58 0652 Success.
16:32:58 0652 Getting the base directory for the domain.
16:32:58 0652 Success. The directory is 'C:\Users\nirija.somanathan\AppData\Roaming\Accenture\Accenture External E-mail Validation Add-in\'.
16:32:58 0652 Searching for the Add-in Express core library.
16:32:58 0652 Success. The 'AddinExpress.MSO.2005.dll' file is found.
16:32:58 0652 Creating an instance of the 'AddinExpress.Deployment.ADXRegistrator' class.
16:32:58 0652 Assembly identity is 'AddinExpress.MSO.2005'.
16:32:58 0652 Success.
16:32:58 0652 Unwrapping the instance of the 'AddinExpress.Deployment.ADXRegistrator' class.
16:32:58 0652 Success.
16:32:58 0652 Calling the managed registration procedure (DISPID = 1610743823).
16:33:02 0652 Registration success.
16:33:02 0652 The add-in registration process is completed with HRESULT = 0.
